  config.cpp
  hooks.cpp
D:\Afinity-CSGO\Source\hooks.cpp(4,10): fatal error C1083: Cannot open include file: '../global.h': No such file or directory
  interfaces.cpp
  main.cpp
D:\Afinity-CSGO\Source\utils.h(3,10): fatal error C1083: Cannot open include file: 'common.h': No such file or directory
  menu.cpp
D:\Afinity-CSGO\Source\menu.cpp(2,1): warning C4005: 'NOMINMAX': macro redefinition
D:\Afinity-CSGO\Source\menu.cpp : message : see previous definition of 'NOMINMAX'
D:\Afinity-CSGO\Source\Resources\Imgui\imgui_stdlib.h(13,10): fatal error C1083: Cannot open include file: 'imgui/imgui.h': No such file or directory
  netvar.cpp
  imgui.cpp
  imgui_demo.cpp
  imgui_draw.cpp
  imgui_freetype.cpp
D:\Afinity-CSGO\Source\Resources\Imgui\imgui_freetype.cpp(28,10): fatal error C1083: Cannot open include file: 'ft2build.h': No such file or directory
  imgui_stdlib.cpp
D:\Afinity-CSGO\Source\Resources\Imgui\imgui_stdlib.cpp(12,10): fatal error C1083: Cannot open include file: '../imgui.h': No such file or directory
  imgui_tables.cpp
D:\Afinity-CSGO\Source\Resources\Imgui\imgui_tables.cpp(263,37): error C4430: missing type specifier - int assumed. Note: C++ does not support default-int
D:\Afinity-CSGO\Source\Resources\Imgui\imgui_tables.cpp(263,24): error C2146: syntax error: missing ';' before identifier 'TableFixFlags'
D:\Afinity-CSGO\Source\Resources\Imgui\imgui_tables.cpp(263,54): error C2146: syntax error: missing ')' before identifier 'flags'
D:\Afinity-CSGO\Source\Resources\Imgui\imgui_tables.cpp(264,1): error C2143: syntax error: missing ';' before '{'
D:\Afinity-CSGO\Source\Resources\Imgui\imgui_tables.cpp(264,1): error C2447: '{': missing function header (old-style formal list?)
D:\Afinity-CSGO\Source\Resources\Imgui\imgui_tables.cpp(296,11): error C2143: syntax error: missing ';' before '*'
D:\Afinity-CSGO\Source\Resources\Imgui\imgui_tables.cpp(296,11): error C4430: missing type specifier - int assumed. Note: C++ does not support default-int
D:\Afinity-CSGO\Source\Resources\Imgui\imgui_tables.cpp(296,20): error C2039: 'TableFindByID': is not a member of 'ImGui'
D:\Afinity-CSGO\Source\Resources\Imgui\imgui_internal.h(1619): message : see declaration of 'ImGui'
D:\Afinity-CSGO\Source\Resources\Imgui\imgui_tables.cpp(297,1): error C4430: missing type specifier - int assumed. Note: C++ does not support default-int
D:\Afinity-CSGO\Source\Resources\Imgui\imgui_tables.cpp(297,1): error C2059: syntax error: '{'
D:\Afinity-CSGO\Source\Resources\Imgui\imgui_tables.cpp(297,1): error C2143: syntax error: missing ';' before '{'
D:\Afinity-CSGO\Source\Resources\Imgui\imgui_tables.cpp(297,1): error C2447: '{': missing function header (old-style formal list?)
D:\Afinity-CSGO\Source\Resources\Imgui\imgui_tables.cpp(303,16): error C2039: 'BeginTable': is not a member of 'ImGui'
D:\Afinity-CSGO\Source\Resources\Imgui\imgui_internal.h(1619): message : see declaration of 'ImGui'
D:\Afinity-CSGO\Source\Resources\Imgui\imgui_tables.cpp(303,66): error C2061: syntax error: identifier 'ImGuiTableFlags'
D:\Afinity-CSGO\Source\Resources\Imgui\imgui_tables.cpp(305,18): error C3861: 'GetID': identifier not found
D:\Afinity-CSGO\Source\Resources\Imgui\imgui_tables.cpp(306,52): error C2065: 'flags': undeclared identifier
D:\Afinity-CSGO\Source\Resources\Imgui\imgui_tables.cpp(306,59): error C2065: 'outer_size': undeclared identifier
D:\Afinity-CSGO\Source\Resources\Imgui\imgui_tables.cpp(306,71): error C2065: 'inner_width': undeclared identifier
D:\Afinity-CSGO\Source\Resources\Imgui\imgui_tables.cpp(306,12): error C3861: 'BeginTableEx': identifier not found
D:\Afinity-CSGO\Source\Resources\Imgui\imgui_tables.cpp(309,16): error C2039: 'BeginTableEx': is not a member of 'ImGui'
D:\Afinity-CSGO\Source\Resources\Imgui\imgui_internal.h(1619): message : see declaration of 'ImGui'
D:\Afinity-CSGO\Source\Resources\Imgui\imgui_tables.cpp(309,78): error C2061: syntax error: identifier 'ImGuiTableFlags'
D:\Afinity-CSGO\Source\Resources\Imgui\imgui_tables.cpp(312,33): error C3861: 'GetCurrentWindow': identifier not found
D:\Afinity-CSGO\Source\Resources\Imgui\imgui_tables.cpp(317,5): error C2065: 'IMGUI_TABLE_MAX_COLUMNS': undeclared identifier
D:\Afinity-CSGO\Source\Resources\Imgui\imgui_tables.cpp(318,9): error C2065: 'flags': undeclared identifier
D:\Afinity-CSGO\Source\Resources\Imgui\imgui_tables.cpp(318,17): error C2065: 'ImGuiTableFlags_ScrollX': undeclared identifier
D:\Afinity-CSGO\Source\Resources\Imgui\imgui_tables.cpp(319,9): error C2065: 'inner_width': undeclared identifier
D:\Afinity-CSGO\Source\Resources\Imgui\imgui_tables.cpp(322,36): error C2065: 'flags': undeclared identifier
D:\Afinity-CSGO\Source\Resources\Imgui\imgui_tables.cpp(322,45): error C2065: 'ImGuiTableFlags_ScrollX': undeclared identifier
D:\Afinity-CSGO\Source\Resources\Imgui\imgui_tables.cpp(322,71): error C2065: 'ImGuiTableFlags_ScrollY': undeclared identifier
D:\Afinity-CSGO\Source\Resources\Imgui\imgui_tables.cpp(322,16): error C2737: 'use_child_window': const object must be initialized
D:\Afinity-CSGO\Source\Resources\Imgui\imgui_tables.cpp(323,31): error C3861: 'GetContentRegionAvail': identifier not found
D:\Afinity-CSGO\Source\Resources\Imgui\imgui_tables.cpp(324,45): error C2065: 'outer_size': undeclared identifier
D:\Afinity-CSGO\Source\Resources\Imgui\imgui_tables.cpp(324,32): error C3861: 'CalcItemSize': identifier not found
D:\Afinity-CSGO\Source\Resources\Imgui\imgui_tables.cpp(326,29): error C3861: 'IsClippedEx': identifier not found
D:\Afinity-CSGO\Source\Resources\Imgui\imgui_tables.cpp(328,9): error C3861: 'ItemSize': identifier not found
D:\Afinity-CSGO\Source\Resources\Imgui\imgui_tables.cpp(333,17): error C2065: 'table': undeclared identifier
D:\Afinity-CSGO\Source\Resources\Imgui\imgui_tables.cpp(333,27): error C2039: 'Tables': is not a member of 'ImGuiContext'
D:\Afinity-CSGO\Source\Resources\Imgui\imgui_internal.h(990): message : see declaration of 'ImGuiContext'
D:\Afinity-CSGO\Source\Resources\Imgui\imgui_tables.cpp(334,30): error C2065: 'table': undeclared identifier
D:\Afinity-CSGO\Source\Resources\Imgui\imgui_tables.cpp(334,76): error C2065: 'table': undeclared identifier
D:\Afinity-CSGO\Source\Resources\Imgui\imgui_tables.cpp(334,15): error C2737: 'instance_no': const object must be initialized
D:\Afinity-CSGO\Source\Resources\Imgui\imgui_tables.cpp(336,27): error C4430: missing type specifier - int assumed. Note: C++ does not support default-int
D:\Afinity-CSGO\Source\Resources\Imgui\imgui_tables.cpp(336,27): error C2146: syntax error: missing ';' before identifier 'table_last_flags'
D:\Afinity-CSGO\Source\Resources\Imgui\imgui_tables.cpp(336,27): error C2065: 'table_last_flags': undeclared identifier
D:\Afinity-CSGO\Source\Resources\Imgui\imgui_tables.cpp(336,46): error C2065: 'table': undeclared identifier
D:\Afinity-CSGO\Source\Resources\Imgui\imgui_tables.cpp(338,9): error C2065: 'table': undeclared identifier
D:\Afinity-CSGO\Source\Resources\Imgui\imgui_tables.cpp(341,29): error C2039: 'Tables': is not a member of 'ImGuiContext'
D:\Afinity-CSGO\Source\Resources\Imgui\imgui_internal.h(990): message : see declaration of 'ImGuiContext'
D:\Afinity-CSGO\Source\Resources\Imgui\imgui_tables.cpp(341,45): error C2065: 'table': undeclared identifier
D:\Afinity-CSGO\Source\Resources\Imgui\imgui_tables.cpp(341,15): error C2737: 'table_idx': const object must be initialized
D:\Afinity-CSGO\Source\Resources\Imgui\imgui_tables.cpp(342,13): error C2039: 'TablesTempDataStacked': is not a member of 'ImGuiContext'
D:\Afinity-CSGO\Source\Resources\Imgui\imgui_internal.h(990): message : see declaration of 'ImGuiContext'
D:\Afinity-CSGO\Source\Resources\Imgui\imgui_tables.cpp(342,39): error C2039: 'TablesTempData': is not a member of 'ImGuiContext'
D:\Afinity-CSGO\Source\Resources\Imgui\imgui_internal.h(990): message : see declaration of 'ImGuiContext'
D:\Afinity-CSGO\Source\Resources\Imgui\imgui_tables.cpp(343,11): error C2039: 'TablesTempData': is not a member of 'ImGuiContext'
D:\Afinity-CSGO\Source\Resources\Imgui\imgui_internal.h(990): message : see declaration of 'ImGuiContext'
D:\Afinity-CSGO\Source\Resources\Imgui\imgui_tables.cpp(343,35): error C2039: 'TablesTempDataStacked': is not a member of 'ImGuiContext'
D:\Afinity-CSGO\Source\Resources\Imgui\imgui_internal.h(990): message : see declaration of 'ImGuiContext'
D:\Afinity-CSGO\Source\Resources\Imgui\imgui_tables.cpp(343,58): error C3861: 'ImGuiTableTempData': identifier not found
D:\Afinity-CSGO\Source\Resources\Imgui\imgui_tables.cpp(344,5): error C2065: 'ImGuiTableTempData': undeclared identifier
D:\Afinity-CSGO\Source\Resources\Imgui\imgui_tables.cpp(344,25): error C2065: 'temp_data': undeclared identifier
D:\Afinity-CSGO\Source\Resources\Imgui\imgui_tables.cpp(344,37): error C2065: 'table': undeclared identifier
D:\Afinity-CSGO\Source\Resources\Imgui\imgui_tables.cpp(344,58): error C2039: 'TablesTempData': is not a member of 'ImGuiContext'
D:\Afinity-CSGO\Source\Resources\Imgui\imgui_internal.h(990): message : see declaration of 'ImGuiContext'
D:\Afinity-CSGO\Source\Resources\Imgui\imgui_tables.cpp(344,75): error C2039: 'TablesTempDataStacked': is not a member of 'ImGuiContext'
D:\Afinity-CSGO\Source\Resources\Imgui\imgui_internal.h(990): message : see declaration of 'ImGuiContext'
D:\Afinity-CSGO\Source\Resources\Imgui\imgui_tables.cpp(345,5): error C2065: 'temp_data': undeclared identifier
D:\Afinity-CSGO\Source\Resources\Imgui\imgui_tables.cpp(346,5): error C2065: 'table': undeclared identifier
D:\Afinity-CSGO\Source\Resources\Imgui\imgui_tables.cpp(346,28): error C2065: 'table': undeclared identifier
D:\Afinity-CSGO\Source\Resources\Imgui\imgui_tables.cpp(347,5): error C2065: 'table': undeclared identifier
D:\Afinity-CSGO\Source\Resources\Imgui\imgui_tables.cpp(350,5): error C2065: 'table': undeclared identifier
D:\Afinity-CSGO\Source\Resources\Imgui\imgui_tables.cpp(350,37): error C2065: 'flags': undeclared identifier
D:\Afinity-CSGO\Source\Resources\Imgui\imgui_tables.cpp(350,45): error C2065: 'ImGuiTableFlags_SizingMask_': undeclared identifier
D:\Afinity-CSGO\Source\Resources\Imgui\imgui_tables.cpp(351,5): error C2065: 'flags': undeclared identifier
D:\Afinity-CSGO\Source\Resources\Imgui\imgui_tables.cpp(351,27): error C2065: 'flags': undeclared identifier
D:\Afinity-CSGO\Source\Resources\Imgui\imgui_tables.cpp(351,13): error C3861: 'TableFixFlags': identifier not found
D:\Afinity-CSGO\Source\Resources\Imgui\imgui_tables.cpp(354,5): error C2065: 'table': undeclared identifier
D:\Afinity-CSGO\Source\Resources\Imgui\imgui_tables.cpp(355,5): error C2065: 'table': undeclared identifier
D:\Afinity-CSGO\Source\Resources\Imgui\imgui_tables.cpp(355,20): error C2065: 'flags': undeclared identifier
D:\Afinity-CSGO\Source\Resources\Imgui\imgui_tables.cpp(356,5): error C2065: 'table': undeclared identifier
D:\Afinity-CSGO\Source\Resources\Imgui\imgui_tables.cpp(357,5): error C2065: 'table': undeclared identifier
D:\Afinity-CSGO\Source\Resources\Imgui\imgui_tables.cpp(358,5): error C2065: 'table': undeclared identifier
D:\Afinity-CSGO\Source\Resources\Imgui\imgui_tables.cpp(358,26): error C2065: 'table': undeclared identifier
D:\Afinity-CSGO\Source\Resources\Imgui\imgui_tables.cpp(359,5): error C2065: 'table': undeclared identifier
D:\Afinity-CSGO\Source\Resources\Imgui\imgui_tables.cpp(360,5): error C2065: 'table': undeclared identifier
D:\Afinity-CSGO\Source\Resources\Imgui\imgui_tables.cpp(361,5): error C2065: 'table': undeclared identifier
D:\Afinity-CSGO\Source\Resources\Imgui\imgui_tables.cpp(361,25): error C2065: 'inner_width': undeclared identifier
D:\Afinity-CSGO\Source\Resources\Imgui\imgui_tables.cpp(362,5): error C2065: 'temp_data': undeclared identifier
D:\Afinity-CSGO\Source\Resources\Imgui\imgui_tables.cpp(362,32): error C2065: 'outer_size': undeclared identifier
D:\Afinity-CSGO\Source\Resources\Imgui\imgui_tables.cpp(370,14): error C2065: 'flags': undeclared identifier
D:\Afinity-CSGO\Source\Resources\Imgui\imgui_tables.cpp(370,22): error C2065: 'ImGuiTableFlags_ScrollX': undeclared identifier
D:\Afinity-CSGO\Source\Resources\Imgui\imgui_tables.cpp(370,52): error C2065: 'flags': undeclared identifier
D:\Afinity-CSGO\Source\Resources\Imgui\imgui_tables.cpp(370,60): error C2065: 'ImGuiTableFlags_ScrollY': undeclared identifier
D:\Afinity-CSGO\Source\Resources\Imgui\imgui_tables.cpp(377,14): error C2065: 'flags': undeclared identifier
D:\Afinity-CSGO\Source\Resources\Imgui\imgui_tables.cpp(377,22): error C2065: 'ImGuiTableFlags_ScrollX': undeclared identifier
D:\Afinity-CSGO\Source\Resources\Imgui\imgui_tables.cpp(377,50): error C2065: 'inner_width': undeclared identifier
D:\Afinity-CSGO\Source\Resources\Imgui\imgui_tables.cpp(378,39): error C2065: 'inner_width': undeclared identifier
D:\Afinity-CSGO\Source\Resources\Imgui\imgui_tables.cpp(381,13): error C3861: 'SetNextWindowContentSize': identifier not found
D:\Afinity-CSGO\Source\Resources\Imgui\imgui_tables.cpp(384,14): error C2065: 'table_last_flags': undeclared identifier
D:\Afinity-CSGO\Source\Resources\Imgui\imgui_tables.cpp(384,34): error C2065: 'ImGuiTableFlags_ScrollX': undeclared identifier
D:\Afinity-CSGO\Source\Resources\Imgui\imgui_tables.cpp(384,60): error C2065: 'ImGuiTableFlags_ScrollY': undeclared identifier
D:\Afinity-CSGO\Source\Resources\Imgui\imgui_tables.cpp(385,13): error C3861: 'SetNextWindowScroll': identifier not found
D:\Afinity-CSGO\Source\Resources\Imgui\imgui_tables.cpp(388,41): error C2065: 'flags': undeclared identifier
D:\Afinity-CSGO\Source\Resources\Imgui\imgui_tables.cpp(388,49): error C2065: 'ImGuiTableFlags_ScrollX': undeclared identifier
D:\Afinity-CSGO\Source\Resources\Imgui\imgui_tables.cpp(389,9): error C3861: 'BeginChildEx': identifier not found
D:\Afinity-CSGO\Source\Resources\Imgui\imgui_tables.cpp(390,9): error C2065: 'table': undeclared identifier
D:\Afinity-CSGO\Source\Resources\Imgui\imgui_tables.cpp(391,9): error C2065: 'table': undeclared identifier
D:\Afinity-CSGO\Source\Resources\Imgui\imgui_tables.cpp(391,27): error C2065: 'table': undeclared identifier
D:\Afinity-CSGO\Source\Resources\Imgui\imgui_tables.cpp(392,9): error C2065: 'table': undeclared identifier
D:\Afinity-CSGO\Source\Resources\Imgui\imgui_tables.cpp(392,28): error C2065: 'table': undeclared identifier
D:\Afinity-CSGO\Source\Resources\Imgui\imgui_tables.cpp(393,9): error C2065: 'table': undeclared identifier
D:\Afinity-CSGO\Source\Resources\Imgui\imgui_tables.cpp(393,28): error C2065: 'table': undeclared identifier
D:\Afinity-CSGO\Source\Resources\Imgui\imgui_tables.cpp(394,9): error C2065: 'table': undeclared identifier
D:\Afinity-CSGO\Source\Resources\Imgui\imgui_tables.cpp(394,9): fatal error C1003: error count exceeds 100; stopping compilation
  imgui_widgets.cpp
  imgui_impl_dx9.cpp
  imgui_impl_win32.cpp
  convar.cpp
D:\Afinity-CSGO\Source\Resources\common.h(20,10): fatal error C1083: Cannot open include file: '../Source/Resources/Imgui/imgui.h': No such file or directory
  entity.cpp
D:\Afinity-CSGO\Source\Resources\common.h(20,10): fatal error C1083: Cannot open include file: '../Source/Resources/Imgui/imgui.h': No such file or directory
  crc32.cpp
  md5.cpp
  draw.cpp
D:\Afinity-CSGO\Source\Resources\common.h(20,10): fatal error C1083: Cannot open include file: '../Source/Resources/Imgui/imgui.h': No such file or directory
  Generating Code...
  Compiling...
  entitylistener.cpp
D:\Afinity-CSGO\Source\Resources\common.h(20,10): fatal error C1083: Cannot open include file: '../Source/Resources/Imgui/imgui.h': No such file or directory
  eventlistener.cpp
D:\Afinity-CSGO\Source\Resources\common.h(20,10): fatal error C1083: Cannot open include file: '../Source/Resources/Imgui/imgui.h': No such file or directory
  inputsystem.cpp
D:\Afinity-CSGO\Source\Resources\common.h(20,10): fatal error C1083: Cannot open include file: '../Source/Resources/Imgui/imgui.h': No such file or directory
  logging.cpp
D:\Afinity-CSGO\Source\Resources\common.h(20,10): fatal error C1083: Cannot open include file: '../Source/Resources/Imgui/imgui.h': No such file or directory
  math.cpp
D:\Afinity-CSGO\Source\Resources\Utils\math.h(6,10): fatal error C1083: Cannot open include file: '../Source/common.h': No such file or directory
  memory.cpp
D:\Afinity-CSGO\Source\Resources\common.h(20,10): fatal error C1083: Cannot open include file: '../Source/Resources/Imgui/imgui.h': No such file or directory
  utils.cpp
D:\Afinity-CSGO\Source\utils.h(3,10): fatal error C1083: Cannot open include file: 'common.h': No such file or directory
  Generating Code...
